This file contains any messages produced by compilers while
running configure, to aid debugging if configure makes a mistake.

It was created by gc configure 7.2alpha5, which was
generated by GNU Autoconf 2.68.  Invocation command line was

  $ ./configure --prefix=/home/chandras/multiMLton-BoehmGC/multiMLton/trunk/runtime/bdwgc/install --enable-threads=pthreads

## --------- ##
## Platform. ##
## --------- ##

hostname = node05.cluster
uname -m = x86_64
uname -r = 2.6.18-194.11.1.el5xen
uname -s = Linux
uname -v = #1 SMP Tue Aug 10 19:41:55 EDT 2010

/usr/bin/uname -p = unknown
/bin/uname -X     = unknown

/bin/arch              = x86_64
/usr/bin/arch -k       = unknown
/usr/convex/getsysinfo = unknown
/usr/bin/hostinfo      = unknown
/bin/machine           = unknown
/usr/bin/oslevel       = unknown
/bin/universe          = unknown

PATH: /usr/lib64/qt-3.3/bin
PATH: /usr/kerberos/bin
PATH: /usr/local/bin
PATH: /bin
PATH: /usr/bin
PATH: /home/chandras/usr/bin
PATH: /home/chandras/gmp
PATH: /home/chandras/httperf/bin
PATH: /home/chandras/autobench/bin
PATH: /home/chandras/install/godi/bin
PATH: /home/chandras/install/godi/sbin
PATH: /home/chandras/install/tcl/bin
PATH: /home/chandras/install/tcl/include
PATH: /home/chandras/install/sharutils/bin
PATH: /home/chandras/install/sharutils/include
PATH: /home/chandras/install/git/bin
PATH: /home/chandras/install/git/include
PATH: /home/chandras/install/ruby1.8.6/bin
PATH: /home/chandras/install/ruby1.8.6/include
PATH: /home/chandras/install/rubygems-1.3.6/bin
PATH: /home/chandras/install/rubygems-1.3.6/include
PATH: /home/chandras/install/rubygems-1.3.6/lib
PATH: /home/chandras/install/smlnj/bin
PATH: /home/chandras/bin
PATH: /home/chandras/usr/bin
PATH: /home/chandras/gmp
PATH: /home/chandras/httperf/bin
PATH: /home/chandras/autobench/bin
PATH: /home/chandras/install/godi/bin
PATH: /home/chandras/install/godi/sbin
PATH: /home/chandras/install/tcl/bin
PATH: /home/chandras/install/tcl/include
PATH: /home/chandras/install/sharutils/bin
PATH: /home/chandras/install/sharutils/include
PATH: /home/chandras/install/git/bin
PATH: /home/chandras/install/git/include
PATH: /home/chandras/install/ruby1.8.6/bin
PATH: /home/chandras/install/ruby1.8.6/include
PATH: /home/chandras/install/rubygems-1.3.6/bin
PATH: /home/chandras/install/rubygems-1.3.6/include
PATH: /home/chandras/install/rubygems-1.3.6/lib
PATH: /home/chandras/install/smlnj/bin


## ----------- ##
## Core tests. ##
## ----------- ##

configure:2444: checking build system type
configure:2458: result: x86_64-unknown-linux-gnu
configure:2478: checking host system type
configure:2491: result: x86_64-unknown-linux-gnu
configure:2511: checking target system type
configure:2524: result: x86_64-unknown-linux-gnu
configure:2553: checking GC version numbers
configure:2592: result: major=7 minor=2 alpha=5
configure:2612: checking for a BSD-compatible install
configure:2680: result: /usr/bin/install -c
configure:2691: checking whether build environment is sane
configure:2741: result: yes
configure:2882: checking for a thread-safe mkdir -p
configure:2921: result: /bin/mkdir -p
configure:2934: checking for gawk
configure:2950: found /bin/gawk
configure:2961: result: gawk
configure:2972: checking whether make sets $(MAKE)
configure:2994: result: yes
configure:3077: checking whether to enable maintainer-specific portions of Makefiles
configure:3086: result: no
configure:3115: checking for style of include used by make
configure:3143: result: GNU
configure:3213: checking for gcc
configure:3229: found /usr/bin/gcc
configure:3240: result: gcc
configure:3469: checking for C compiler version
configure:3478: gcc --version >&5
gcc (GCC) 4.1.2 20080704 (Red Hat 4.1.2-48)
Copyright (C) 2006 Free Software Foundation, Inc.
This is free software; see the source for copying conditions.  There is NO
warranty; not even for MERCHANTABILITY or FITNESS FOR A PARTICULAR PURPOSE.

configure:3489: $? = 0
configure:3478: gcc -v >&5
Using built-in specs.
Target: x86_64-redhat-linux
Configured with: ../configure --prefix=/usr --mandir=/usr/share/man --infodir=/usr/share/info --enable-shared --enable-threads=posix --enable-checking=release --with-system-zlib --enable-__cxa_atexit --disable-libunwind-exceptions --enable-libgcj-multifile --enable-languages=c,c++,objc,obj-c++,java,fortran,ada --enable-java-awt=gtk --disable-dssi --enable-plugin --with-java-home=/usr/lib/jvm/java-1.4.2-gcj-1.4.2.0/jre --with-cpu=generic --host=x86_64-redhat-linux
Thread model: posix
gcc version 4.1.2 20080704 (Red Hat 4.1.2-48)
configure:3489: $? = 0
configure:3478: gcc -V >&5
gcc: '-V' option must have argument
configure:3489: $? = 1
configure:3478: gcc -qversion >&5
gcc: unrecognized option '-qversion'
gcc: no input files
configure:3489: $? = 1
configure:3509: checking whether the C compiler works
configure:3531: gcc    conftest.c  >&5
configure:3535: $? = 0
configure:3583: result: yes
configure:3586: checking for C compiler default output file name
configure:3588: result: a.out
configure:3594: checking for suffix of executables
configure:3601: gcc -o conftest    conftest.c  >&5
configure:3605: $? = 0
configure:3627: result: 
configure:3649: checking whether we are cross compiling
configure:3657: gcc -o conftest    conftest.c  >&5
configure:3661: $? = 0
configure:3668: ./conftest
configure:3672: $? = 0
configure:3687: result: no
configure:3692: checking for suffix of object files
configure:3714: gcc -c   conftest.c >&5
configure:3718: $? = 0
configure:3739: result: o
configure:3743: checking whether we are using the GNU C compiler
configure:3762: gcc -c   conftest.c >&5
configure:3762: $? = 0
configure:3771: result: yes
configure:3780: checking whether gcc accepts -g
configure:3800: gcc -c -g  conftest.c >&5
configure:3800: $? = 0
configure:3841: result: yes
configure:3858: checking for gcc option to accept ISO C89
configure:3922: gcc  -c -g -O2  conftest.c >&5
configure:3922: $? = 0
configure:3935: result: none needed
configure:3957: checking dependency style of gcc
configure:4067: result: gcc3
configure:4083: checking whether gcc and cc understand -c and -o together
configure:4114: gcc -c conftest.c -o conftest2.o >&5
configure:4118: $? = 0
configure:4124: gcc -c conftest.c -o conftest2.o >&5
configure:4128: $? = 0
configure:4139: cc -c conftest.c >&5
configure:4143: $? = 0
configure:4151: cc -c conftest.c -o conftest2.o >&5
configure:4155: $? = 0
configure:4161: cc -c conftest.c -o conftest2.o >&5
configure:4165: $? = 0
configure:4183: result: yes
configure:4266: checking for g++
configure:4282: found /usr/bin/g++
configure:4293: result: g++
configure:4320: checking for C++ compiler version
configure:4329: g++ --version >&5
g++ (GCC) 4.1.2 20080704 (Red Hat 4.1.2-48)
Copyright (C) 2006 Free Software Foundation, Inc.
This is free software; see the source for copying conditions.  There is NO
warranty; not even for MERCHANTABILITY or FITNESS FOR A PARTICULAR PURPOSE.

configure:4340: $? = 0
configure:4329: g++ -v >&5
Using built-in specs.
Target: x86_64-redhat-linux
Configured with: ../configure --prefix=/usr --mandir=/usr/share/man --infodir=/usr/share/info --enable-shared --enable-threads=posix --enable-checking=release --with-system-zlib --enable-__cxa_atexit --disable-libunwind-exceptions --enable-libgcj-multifile --enable-languages=c,c++,objc,obj-c++,java,fortran,ada --enable-java-awt=gtk --disable-dssi --enable-plugin --with-java-home=/usr/lib/jvm/java-1.4.2-gcj-1.4.2.0/jre --with-cpu=generic --host=x86_64-redhat-linux
Thread model: posix
gcc version 4.1.2 20080704 (Red Hat 4.1.2-48)
configure:4340: $? = 0
configure:4329: g++ -V >&5
g++: '-V' option must have argument
configure:4340: $? = 1
configure:4329: g++ -qversion >&5
g++: unrecognized option '-qversion'
g++: no input files
configure:4340: $? = 1
configure:4344: checking whether we are using the GNU C++ compiler
configure:4363: g++ -c   conftest.cpp >&5
configure:4363: $? = 0
configure:4372: result: yes
configure:4381: checking whether g++ accepts -g
configure:4401: g++ -c -g  conftest.cpp >&5
configure:4401: $? = 0
configure:4442: result: yes
configure:4467: checking dependency style of g++
configure:4577: result: gcc3
configure:4602: checking dependency style of gcc
configure:4710: result: gcc3
configure:4769: checking for ar
configure:4785: found /usr/bin/ar
configure:4796: result: ar
configure:4861: checking for ranlib
configure:4877: found /usr/bin/ranlib
configure:4888: result: ranlib
configure:4972: checking for inline
configure:4988: gcc -c -g -O2  conftest.c >&5
configure:4988: $? = 0
configure:4996: result: inline
configure:5024: checking for pthread_self in -lpthread
configure:5049: gcc -o conftest -g -O2   conftest.c -lpthread   >&5
configure:5049: $? = 0
configure:5058: result: yes
configure:5076: WARNING: "Explicit GC_INIT() calls may be required."
configure:5337: checking for xlc
configure:5354: gcc -c -g -O2  conftest.c >&5
conftest.c:23:4: error: #error 
configure:5354: $? = 1
configure: failed program was:
| /* confdefs.h */
| #define PACKAGE_NAME "gc"
| #define PACKAGE_TARNAME "gc"
| #define PACKAGE_VERSION "7.2alpha5"
| #define PACKAGE_STRING "gc 7.2alpha5"
| #define PACKAGE_BUGREPORT "Hans.Boehm@hp.com"
| #define PACKAGE_URL ""
| #define GC_VERSION_MAJOR 7
| #define GC_VERSION_MINOR 2
| #define GC_ALPHA_VERSION 5
| #define PACKAGE "gc"
| #define VERSION "7.2alpha5"
| #define GC_LINUX_THREADS 1
| #define _REENTRANT 1
| #define THREAD_LOCAL_ALLOC 1
| /* end confdefs.h.  */
| 
| int
| main ()
| {
| 
|  #ifndef __xlC__
|  # error
|  #endif
| 
|   ;
|   return 0;
| }
configure:5360: result: no
configure:5386: checking for dlopen in -ldl
configure:5411: gcc -o conftest -g -O2   conftest.c -ldl   >&5
configure:5411: $? = 0
configure:5420: result: yes
configure:5498: checking whether to build shared libraries
configure:5540: result: yes
configure:5545: checking which machine-dependent code should be used
configure:5603: result: 
configure:5657: checking how to print strings
configure:5684: result: printf
configure:5705: checking for a sed that does not truncate output
configure:5769: result: /bin/sed
configure:5787: checking for grep that handles long lines and -e
configure:5845: result: /bin/grep
configure:5850: checking for egrep
configure:5912: result: /bin/grep -E
configure:5917: checking for fgrep
configure:5979: result: /bin/grep -F
configure:6014: checking for ld used by gcc
configure:6081: result: /usr/bin/ld
configure:6088: checking if the linker (/usr/bin/ld) is GNU ld
configure:6103: result: yes
configure:6115: checking for BSD- or MS-compatible name lister (nm)
configure:6164: result: /usr/bin/nm -B
configure:6294: checking the name lister (/usr/bin/nm -B) interface
configure:6301: gcc -c -g -O2  conftest.c >&5
configure:6304: /usr/bin/nm -B "conftest.o"
configure:6307: output
0000000000000000 B some_variable
configure:6314: result: BSD nm
configure:6317: checking whether ln -s works
configure:6321: result: yes
configure:6329: checking the maximum length of command line arguments
configure:6454: result: 98304
configure:6471: checking whether the shell understands some XSI constructs
configure:6481: result: yes
configure:6485: checking whether the shell understands "+="
configure:6491: result: yes
configure:6526: checking how to convert x86_64-unknown-linux-gnu file names to x86_64-unknown-linux-gnu format
configure:6566: result: func_convert_file_noop
configure:6573: checking how to convert x86_64-unknown-linux-gnu file names to toolchain format
configure:6593: result: func_convert_file_noop
configure:6600: checking for /usr/bin/ld option to reload object files
configure:6607: result: -r
configure:6681: checking for objdump
configure:6697: found /usr/bin/objdump
configure:6708: result: objdump
configure:6740: checking how to recognize dependent libraries
configure:6942: result: pass_all
configure:7027: checking for dlltool
configure:7057: result: no
configure:7087: checking how to associate runtime and link libraries
configure:7114: result: printf %s\n
configure:7238: checking for archiver @FILE support
configure:7255: gcc -c -g -O2  conftest.c >&5
configure:7255: $? = 0
configure:7258: ar cru libconftest.a @conftest.lst >&5
configure:7261: $? = 0
configure:7266: ar cru libconftest.a @conftest.lst >&5
ar: conftest.o: No such file or directory
configure:7269: $? = 1
configure:7281: result: @
configure:7339: checking for strip
configure:7355: found /usr/bin/strip
configure:7366: result: strip
configure:7438: checking for ranlib
configure:7465: result: ranlib
configure:7567: checking command to parse /usr/bin/nm -B output from gcc object
configure:7686: gcc -c -g -O2  conftest.c >&5
configure:7689: $? = 0
configure:7693: /usr/bin/nm -B conftest.o \| sed -n -e 's/^.*[ ]\([ABCDGIRSTW][ABCDGIRSTW]*\)[ ][ ]*\([_A-Za-z][_A-Za-z0-9]*\)$/\1 \2 \2/p' | sed '/ __gnu_lto/d' \> conftest.nm
configure:7696: $? = 0
configure:7762: gcc -o conftest -g -O2   conftest.c conftstm.o >&5
configure:7765: $? = 0
configure:7803: result: ok
configure:7840: checking for sysroot
configure:7870: result: no
configure:7947: gcc -c -g -O2  conftest.c >&5
configure:7950: $? = 0
configure:8113: checking for mt
configure:8143: result: no
configure:8163: checking if : is a manifest tool
configure:8169: : '-?'
configure:8177: result: no
configure:8809: checking how to run the C preprocessor
configure:8840: gcc -E  conftest.c
configure:8840: $? = 0
configure:8854: gcc -E  conftest.c
conftest.c:17:28: error: ac_nonexistent.h: No such file or directory
configure:8854: $? = 1
configure: failed program was:
| /* confdefs.h */
| #define PACKAGE_NAME "gc"
| #define PACKAGE_TARNAME "gc"
| #define PACKAGE_VERSION "7.2alpha5"
| #define PACKAGE_STRING "gc 7.2alpha5"
| #define PACKAGE_BUGREPORT "Hans.Boehm@hp.com"
| #define PACKAGE_URL ""
| #define GC_VERSION_MAJOR 7
| #define GC_VERSION_MINOR 2
| #define GC_ALPHA_VERSION 5
| #define PACKAGE "gc"
| #define VERSION "7.2alpha5"
| #define GC_LINUX_THREADS 1
| #define _REENTRANT 1
| #define THREAD_LOCAL_ALLOC 1
| /* end confdefs.h.  */
| #include <ac_nonexistent.h>
configure:8879: result: gcc -E
configure:8899: gcc -E  conftest.c
configure:8899: $? = 0
configure:8913: gcc -E  conftest.c
conftest.c:17:28: error: ac_nonexistent.h: No such file or directory
configure:8913: $? = 1
configure: failed program was:
| /* confdefs.h */
| #define PACKAGE_NAME "gc"
| #define PACKAGE_TARNAME "gc"
| #define PACKAGE_VERSION "7.2alpha5"
| #define PACKAGE_STRING "gc 7.2alpha5"
| #define PACKAGE_BUGREPORT "Hans.Boehm@hp.com"
| #define PACKAGE_URL ""
| #define GC_VERSION_MAJOR 7
| #define GC_VERSION_MINOR 2
| #define GC_ALPHA_VERSION 5
| #define PACKAGE "gc"
| #define VERSION "7.2alpha5"
| #define GC_LINUX_THREADS 1
| #define _REENTRANT 1
| #define THREAD_LOCAL_ALLOC 1
| /* end confdefs.h.  */
| #include <ac_nonexistent.h>
configure:8942: checking for ANSI C header files
configure:8962: gcc -c -g -O2  conftest.c >&5
configure:8962: $? = 0
configure:9035: gcc -o conftest -g -O2   conftest.c  >&5
configure:9035: $? = 0
configure:9035: ./conftest
configure:9035: $? = 0
configure:9046: result: yes
configure:9059: checking for sys/types.h
configure:9059: gcc -c -g -O2  conftest.c >&5
configure:9059: $? = 0
configure:9059: result: yes
configure:9059: checking for sys/stat.h
configure:9059: gcc -c -g -O2  conftest.c >&5
configure:9059: $? = 0
configure:9059: result: yes
configure:9059: checking for stdlib.h
configure:9059: gcc -c -g -O2  conftest.c >&5
configure:9059: $? = 0
configure:9059: result: yes
configure:9059: checking for string.h
configure:9059: gcc -c -g -O2  conftest.c >&5
configure:9059: $? = 0
configure:9059: result: yes
configure:9059: checking for memory.h
configure:9059: gcc -c -g -O2  conftest.c >&5
configure:9059: $? = 0
configure:9059: result: yes
configure:9059: checking for strings.h
configure:9059: gcc -c -g -O2  conftest.c >&5
configure:9059: $? = 0
configure:9059: result: yes
configure:9059: checking for inttypes.h
configure:9059: gcc -c -g -O2  conftest.c >&5
configure:9059: $? = 0
configure:9059: result: yes
configure:9059: checking for stdint.h
configure:9059: gcc -c -g -O2  conftest.c >&5
configure:9059: $? = 0
configure:9059: result: yes
configure:9059: checking for unistd.h
configure:9059: gcc -c -g -O2  conftest.c >&5
configure:9059: $? = 0
configure:9059: result: yes
configure:9073: checking for dlfcn.h
configure:9073: gcc -c -g -O2  conftest.c >&5
configure:9073: $? = 0
configure:9073: result: yes
configure:9241: checking for objdir
configure:9256: result: .libs
configure:9527: checking if gcc supports -fno-rtti -fno-exceptions
configure:9545: gcc -c -g -O2  -fno-rtti -fno-exceptions conftest.c >&5
cc1: warning: command line option "-fno-rtti" is valid for C++/ObjC++ but not for C
configure:9549: $? = 0
configure:9562: result: no
configure:9872: checking for gcc option to produce PIC
configure:9879: result: -fPIC -DPIC
configure:9887: checking if gcc PIC flag -fPIC -DPIC works
configure:9905: gcc -c -g -O2  -fPIC -DPIC -DPIC conftest.c >&5
configure:9909: $? = 0
configure:9922: result: yes
configure:9951: checking if gcc static flag -static works
configure:9979: result: yes
configure:9994: checking if gcc supports -c -o file.o
configure:10015: gcc -c -g -O2  -o out/conftest2.o conftest.c >&5
configure:10019: $? = 0
configure:10041: result: yes
configure:10049: checking if gcc supports -c -o file.o
configure:10096: result: yes
configure:10129: checking whether the gcc linker (/usr/bin/ld -m elf_x86_64) supports shared libraries
configure:11287: result: yes
configure:11324: checking whether -lc should be explicitly linked in
configure:11332: gcc -c -g -O2  conftest.c >&5
configure:11335: $? = 0
configure:11350: gcc -shared  -fPIC -DPIC conftest.o  -v -Wl,-soname -Wl,conftest -o conftest 2\>\&1 \| /bin/grep  -lc  \>/dev/null 2\>\&1
configure:11353: $? = 0
configure:11367: result: no
configure:11532: checking dynamic linker characteristics
configure:12046: gcc -o conftest -g -O2   -Wl,-rpath -Wl,/foo conftest.c  >&5
configure:12046: $? = 0
configure:12268: result: GNU/Linux ld.so
configure:12375: checking how to hardcode library paths into programs
configure:12400: result: immediate
configure:12940: checking whether stripping libraries is possible
configure:12945: result: yes
configure:12980: checking if libtool supports shared libraries
configure:12982: result: yes
configure:12985: checking whether to build shared libraries
configure:13006: result: yes
configure:13009: checking whether to build static libraries
configure:13013: result: yes
configure:13036: checking how to run the C++ preprocessor
configure:13063: g++ -E  conftest.cpp
configure:13063: $? = 0
configure:13077: g++ -E  conftest.cpp
conftest.cpp:29:28: error: ac_nonexistent.h: No such file or directory
configure:13077: $? = 1
configure: failed program was:
| /* confdefs.h */
| #define PACKAGE_NAME "gc"
| #define PACKAGE_TARNAME "gc"
| #define PACKAGE_VERSION "7.2alpha5"
| #define PACKAGE_STRING "gc 7.2alpha5"
| #define PACKAGE_BUGREPORT "Hans.Boehm@hp.com"
| #define PACKAGE_URL ""
| #define GC_VERSION_MAJOR 7
| #define GC_VERSION_MINOR 2
| #define GC_ALPHA_VERSION 5
| #define PACKAGE "gc"
| #define VERSION "7.2alpha5"
| #define GC_LINUX_THREADS 1
| #define _REENTRANT 1
| #define THREAD_LOCAL_ALLOC 1
| #define STDC_HEADERS 1
| #define HAVE_SYS_TYPES_H 1
| #define HAVE_SYS_STAT_H 1
| #define HAVE_STDLIB_H 1
| #define HAVE_STRING_H 1
| #define HAVE_MEMORY_H 1
| #define HAVE_STRINGS_H 1
| #define HAVE_INTTYPES_H 1
| #define HAVE_STDINT_H 1
| #define HAVE_UNISTD_H 1
| #define HAVE_DLFCN_H 1
| #define LT_OBJDIR ".libs/"
| /* end confdefs.h.  */
| #include <ac_nonexistent.h>
configure:13102: result: g++ -E
configure:13122: g++ -E  conftest.cpp
configure:13122: $? = 0
configure:13136: g++ -E  conftest.cpp
conftest.cpp:29:28: error: ac_nonexistent.h: No such file or directory
configure:13136: $? = 1
configure: failed program was:
| /* confdefs.h */
| #define PACKAGE_NAME "gc"
| #define PACKAGE_TARNAME "gc"
| #define PACKAGE_VERSION "7.2alpha5"
| #define PACKAGE_STRING "gc 7.2alpha5"
| #define PACKAGE_BUGREPORT "Hans.Boehm@hp.com"
| #define PACKAGE_URL ""
| #define GC_VERSION_MAJOR 7
| #define GC_VERSION_MINOR 2
| #define GC_ALPHA_VERSION 5
| #define PACKAGE "gc"
| #define VERSION "7.2alpha5"
| #define GC_LINUX_THREADS 1
| #define _REENTRANT 1
| #define THREAD_LOCAL_ALLOC 1
| #define STDC_HEADERS 1
| #define HAVE_SYS_TYPES_H 1
| #define HAVE_SYS_STAT_H 1
| #define HAVE_STDLIB_H 1
| #define HAVE_STRING_H 1
| #define HAVE_MEMORY_H 1
| #define HAVE_STRINGS_H 1
| #define HAVE_INTTYPES_H 1
| #define HAVE_STDINT_H 1
| #define HAVE_UNISTD_H 1
| #define HAVE_DLFCN_H 1
| #define LT_OBJDIR ".libs/"
| /* end confdefs.h.  */
| #include <ac_nonexistent.h>
configure:13306: checking for ld used by g++
configure:13373: result: /usr/bin/ld -m elf_x86_64
configure:13380: checking if the linker (/usr/bin/ld -m elf_x86_64) is GNU ld
configure:13395: result: yes
configure:13450: checking whether the g++ linker (/usr/bin/ld -m elf_x86_64) supports shared libraries
configure:14454: result: yes
configure:14489: g++ -c -g -O2  conftest.cpp >&5
configure:14492: $? = 0
configure:15012: checking for g++ option to produce PIC
configure:15019: result: -fPIC -DPIC
configure:15027: checking if g++ PIC flag -fPIC -DPIC works
configure:15045: g++ -c -g -O2  -fPIC -DPIC -DPIC conftest.cpp >&5
configure:15049: $? = 0
configure:15062: result: yes
configure:15085: checking if g++ static flag -static works
configure:15113: result: yes
configure:15125: checking if g++ supports -c -o file.o
configure:15146: g++ -c -g -O2  -o out/conftest2.o conftest.cpp >&5
configure:15150: $? = 0
configure:15172: result: yes
configure:15177: checking if g++ supports -c -o file.o
configure:15224: result: yes
configure:15254: checking whether the g++ linker (/usr/bin/ld -m elf_x86_64) supports shared libraries
configure:15288: result: yes
configure:15431: checking dynamic linker characteristics
configure:16101: result: GNU/Linux ld.so
configure:16154: checking how to hardcode library paths into programs
configure:16179: result: immediate
configure:16244: checking sys/dg_sys_info.h usability
configure:16244: gcc -c -g -O2  conftest.c >&5
conftest.c:62:29: error: sys/dg_sys_info.h: No such file or directory
configure:16244: $? = 1
configure: failed program was:
| /* confdefs.h */
| #define PACKAGE_NAME "gc"
| #define PACKAGE_TARNAME "gc"
| #define PACKAGE_VERSION "7.2alpha5"
| #define PACKAGE_STRING "gc 7.2alpha5"
| #define PACKAGE_BUGREPORT "Hans.Boehm@hp.com"
| #define PACKAGE_URL ""
| #define GC_VERSION_MAJOR 7
| #define GC_VERSION_MINOR 2
| #define GC_ALPHA_VERSION 5
| #define PACKAGE "gc"
| #define VERSION "7.2alpha5"
| #define GC_LINUX_THREADS 1
| #define _REENTRANT 1
| #define THREAD_LOCAL_ALLOC 1
| #define STDC_HEADERS 1
| #define HAVE_SYS_TYPES_H 1
| #define HAVE_SYS_STAT_H 1
| #define HAVE_STDLIB_H 1
| #define HAVE_STRING_H 1
| #define HAVE_MEMORY_H 1
| #define HAVE_STRINGS_H 1
| #define HAVE_INTTYPES_H 1
| #define HAVE_STDINT_H 1
| #define HAVE_UNISTD_H 1
| #define HAVE_DLFCN_H 1
| #define LT_OBJDIR ".libs/"
| /* end confdefs.h.  */
| #include <stdio.h>
| #ifdef HAVE_SYS_TYPES_H
| # include <sys/types.h>
| #endif
| #ifdef HAVE_SYS_STAT_H
| # include <sys/stat.h>
| #endif
| #ifdef STDC_HEADERS
| # include <stdlib.h>
| # include <stddef.h>
| #else
| # ifdef HAVE_STDLIB_H
| #  include <stdlib.h>
| # endif
| #endif
| #ifdef HAVE_STRING_H
| # if !defined STDC_HEADERS && defined HAVE_MEMORY_H
| #  include <memory.h>
| # endif
| # include <string.h>
| #endif
| #ifdef HAVE_STRINGS_H
| # include <strings.h>
| #endif
| #ifdef HAVE_INTTYPES_H
| # include <inttypes.h>
| #endif
| #ifdef HAVE_STDINT_H
| # include <stdint.h>
| #endif
| #ifdef HAVE_UNISTD_H
| # include <unistd.h>
| #endif
| #include <sys/dg_sys_info.h>
configure:16244: result: no
configure:16244: checking sys/dg_sys_info.h presence
configure:16244: gcc -E  conftest.c
conftest.c:29:29: error: sys/dg_sys_info.h: No such file or directory
configure:16244: $? = 1
configure: failed program was:
| /* confdefs.h */
| #define PACKAGE_NAME "gc"
| #define PACKAGE_TARNAME "gc"
| #define PACKAGE_VERSION "7.2alpha5"
| #define PACKAGE_STRING "gc 7.2alpha5"
| #define PACKAGE_BUGREPORT "Hans.Boehm@hp.com"
| #define PACKAGE_URL ""
| #define GC_VERSION_MAJOR 7
| #define GC_VERSION_MINOR 2
| #define GC_ALPHA_VERSION 5
| #define PACKAGE "gc"
| #define VERSION "7.2alpha5"
| #define GC_LINUX_THREADS 1
| #define _REENTRANT 1
| #define THREAD_LOCAL_ALLOC 1
| #define STDC_HEADERS 1
| #define HAVE_SYS_TYPES_H 1
| #define HAVE_SYS_STAT_H 1
| #define HAVE_STDLIB_H 1
| #define HAVE_STRING_H 1
| #define HAVE_MEMORY_H 1
| #define HAVE_STRINGS_H 1
| #define HAVE_INTTYPES_H 1
| #define HAVE_STDINT_H 1
| #define HAVE_UNISTD_H 1
| #define HAVE_DLFCN_H 1
| #define LT_OBJDIR ".libs/"
| /* end confdefs.h.  */
| #include <sys/dg_sys_info.h>
configure:16244: result: no
configure:16244: checking for sys/dg_sys_info.h
configure:16244: result: no
configure:16288: checking whether Solaris gcc optimization fix is necessary
configure:16311: result: no
configure:16578: checking atomic_ops.h usability
configure:16578: gcc -c -g -O2  conftest.c >&5
conftest.c:67:24: error: atomic_ops.h: No such file or directory
configure:16578: $? = 1
configure: failed program was:
| /* confdefs.h */
| #define PACKAGE_NAME "gc"
| #define PACKAGE_TARNAME "gc"
| #define PACKAGE_VERSION "7.2alpha5"
| #define PACKAGE_STRING "gc 7.2alpha5"
| #define PACKAGE_BUGREPORT "Hans.Boehm@hp.com"
| #define PACKAGE_URL ""
| #define GC_VERSION_MAJOR 7
| #define GC_VERSION_MINOR 2
| #define GC_ALPHA_VERSION 5
| #define PACKAGE "gc"
| #define VERSION "7.2alpha5"
| #define GC_LINUX_THREADS 1
| #define _REENTRANT 1
| #define THREAD_LOCAL_ALLOC 1
| #define STDC_HEADERS 1
| #define HAVE_SYS_TYPES_H 1
| #define HAVE_SYS_STAT_H 1
| #define HAVE_STDLIB_H 1
| #define HAVE_STRING_H 1
| #define HAVE_MEMORY_H 1
| #define HAVE_STRINGS_H 1
| #define HAVE_INTTYPES_H 1
| #define HAVE_STDINT_H 1
| #define HAVE_UNISTD_H 1
| #define HAVE_DLFCN_H 1
| #define LT_OBJDIR ".libs/"
| #define NO_EXECUTE_PERMISSION 1
| #define ALL_INTERIOR_POINTERS 1
| #define GC_GCJ_SUPPORT 1
| #define JAVA_FINALIZATION 1
| #define ATOMIC_UNCOLLECTABLE 1
| /* end confdefs.h.  */
| #include <stdio.h>
| #ifdef HAVE_SYS_TYPES_H
| # include <sys/types.h>
| #endif
| #ifdef HAVE_SYS_STAT_H
| # include <sys/stat.h>
| #endif
| #ifdef STDC_HEADERS
| # include <stdlib.h>
| # include <stddef.h>
| #else
| # ifdef HAVE_STDLIB_H
| #  include <stdlib.h>
| # endif
| #endif
| #ifdef HAVE_STRING_H
| # if !defined STDC_HEADERS && defined HAVE_MEMORY_H
| #  include <memory.h>
| # endif
| # include <string.h>
| #endif
| #ifdef HAVE_STRINGS_H
| # include <strings.h>
| #endif
| #ifdef HAVE_INTTYPES_H
| # include <inttypes.h>
| #endif
| #ifdef HAVE_STDINT_H
| # include <stdint.h>
| #endif
| #ifdef HAVE_UNISTD_H
| # include <unistd.h>
| #endif
| #include <atomic_ops.h>
configure:16578: result: no
configure:16578: checking atomic_ops.h presence
configure:16578: gcc -E  conftest.c
conftest.c:34:24: error: atomic_ops.h: No such file or directory
configure:16578: $? = 1
configure: failed program was:
| /* confdefs.h */
| #define PACKAGE_NAME "gc"
| #define PACKAGE_TARNAME "gc"
| #define PACKAGE_VERSION "7.2alpha5"
| #define PACKAGE_STRING "gc 7.2alpha5"
| #define PACKAGE_BUGREPORT "Hans.Boehm@hp.com"
| #define PACKAGE_URL ""
| #define GC_VERSION_MAJOR 7
| #define GC_VERSION_MINOR 2
| #define GC_ALPHA_VERSION 5
| #define PACKAGE "gc"
| #define VERSION "7.2alpha5"
| #define GC_LINUX_THREADS 1
| #define _REENTRANT 1
| #define THREAD_LOCAL_ALLOC 1
| #define STDC_HEADERS 1
| #define HAVE_SYS_TYPES_H 1
| #define HAVE_SYS_STAT_H 1
| #define HAVE_STDLIB_H 1
| #define HAVE_STRING_H 1
| #define HAVE_MEMORY_H 1
| #define HAVE_STRINGS_H 1
| #define HAVE_INTTYPES_H 1
| #define HAVE_STDINT_H 1
| #define HAVE_UNISTD_H 1
| #define HAVE_DLFCN_H 1
| #define LT_OBJDIR ".libs/"
| #define NO_EXECUTE_PERMISSION 1
| #define ALL_INTERIOR_POINTERS 1
| #define GC_GCJ_SUPPORT 1
| #define JAVA_FINALIZATION 1
| #define ATOMIC_UNCOLLECTABLE 1
| /* end confdefs.h.  */
| #include <atomic_ops.h>
configure:16578: result: no
configure:16578: checking for atomic_ops.h
configure:16578: result: no
configure:16592: checking which libatomic_ops to use
configure:16602: result: bundled
configure:16826: creating ./config.status

## ---------------------- ##
## Running config.status. ##
## ---------------------- ##

This file was extended by gc config.status 7.2alpha5, which was
generated by GNU Autoconf 2.68.  Invocation command line was

  CONFIG_FILES    = 
  CONFIG_HEADERS  = 
  CONFIG_LINKS    = 
  CONFIG_COMMANDS = 
  $ ./config.status 

on node05.cluster

config.status:1220: creating Makefile
config.status:1220: creating bdw-gc.pc
config.status:1220: creating include/private/config.h
config.status:1401: include/private/config.h is unchanged
config.status:1449: executing depfiles commands
config.status:1449: executing libtool commands
config.status:1449: executing default commands
configure:19409: === configuring in libatomic_ops (/home/chandras/multiMLton-BoehmGC/multiMLton/trunk/runtime/bdwgc/libatomic_ops)
configure:19472: running /bin/sh ./configure --disable-option-checking '--prefix=/home/chandras/multiMLton-BoehmGC/multiMLton/trunk/runtime/bdwgc/install'  '--enable-threads=pthreads' --cache-file=/dev/null --srcdir=.

## ---------------- ##
## Cache variables. ##
## ---------------- ##

ac_cv_build=x86_64-unknown-linux-gnu
ac_cv_c_compiler_gnu=yes
ac_cv_c_inline=inline
ac_cv_cxx_compiler_gnu=yes
ac_cv_env_CCASFLAGS_set=
ac_cv_env_CCASFLAGS_value=
ac_cv_env_CCAS_set=
ac_cv_env_CCAS_value=
ac_cv_env_CCC_set=
ac_cv_env_CCC_value=
ac_cv_env_CC_set=
ac_cv_env_CC_value=
ac_cv_env_CFLAGS_set=
ac_cv_env_CFLAGS_value=
ac_cv_env_CPPFLAGS_set=
ac_cv_env_CPPFLAGS_value=
ac_cv_env_CPP_set=
ac_cv_env_CPP_value=
ac_cv_env_CXXCPP_set=
ac_cv_env_CXXCPP_value=
ac_cv_env_CXXFLAGS_set=
ac_cv_env_CXXFLAGS_value=
ac_cv_env_CXX_set=
ac_cv_env_CXX_value=
ac_cv_env_LDFLAGS_set=
ac_cv_env_LDFLAGS_value=
ac_cv_env_LIBS_set=
ac_cv_env_LIBS_value=
ac_cv_env_build_alias_set=
ac_cv_env_build_alias_value=
ac_cv_env_host_alias_set=
ac_cv_env_host_alias_value=
ac_cv_env_target_alias_set=
ac_cv_env_target_alias_value=
ac_cv_header_atomic_ops_h=no
ac_cv_header_dlfcn_h=yes
ac_cv_header_inttypes_h=yes
ac_cv_header_memory_h=yes
ac_cv_header_stdc=yes
ac_cv_header_stdint_h=yes
ac_cv_header_stdlib_h=yes
ac_cv_header_string_h=yes
ac_cv_header_strings_h=yes
ac_cv_header_sys_dg_sys_info_h=no
ac_cv_header_sys_stat_h=yes
ac_cv_header_sys_types_h=yes
ac_cv_header_unistd_h=yes
ac_cv_host=x86_64-unknown-linux-gnu
ac_cv_lib_dl_dlopen=yes
ac_cv_lib_pthread_pthread_self=yes
ac_cv_objext=o
ac_cv_path_EGREP='/bin/grep -E'
ac_cv_path_FGREP='/bin/grep -F'
ac_cv_path_GREP=/bin/grep
ac_cv_path_SED=/bin/sed
ac_cv_path_install='/usr/bin/install -c'
ac_cv_path_mkdir=/bin/mkdir
ac_cv_prog_AWK=gawk
ac_cv_prog_CPP='gcc -E'
ac_cv_prog_CXXCPP='g++ -E'
ac_cv_prog_ac_ct_AR=ar
ac_cv_prog_ac_ct_CC=gcc
ac_cv_prog_ac_ct_CXX=g++
ac_cv_prog_ac_ct_OBJDUMP=objdump
ac_cv_prog_ac_ct_RANLIB=ranlib
ac_cv_prog_ac_ct_STRIP=strip
ac_cv_prog_cc_c89=
ac_cv_prog_cc_g=yes
ac_cv_prog_cc_gcc_c_o=yes
ac_cv_prog_cxx_g=yes
ac_cv_prog_make_make_set=yes
ac_cv_target=x86_64-unknown-linux-gnu
am_cv_CCAS_dependencies_compiler_type=gcc3
am_cv_CC_dependencies_compiler_type=gcc3
am_cv_CXX_dependencies_compiler_type=gcc3
lt_cv_ar_at_file=@
lt_cv_archive_cmds_need_lc=no
lt_cv_deplibs_check_method=pass_all
lt_cv_file_magic_cmd='$MAGIC_CMD'
lt_cv_file_magic_test_file=
lt_cv_ld_reload_flag=-r
lt_cv_nm_interface='BSD nm'
lt_cv_objdir=.libs
lt_cv_path_LD=/usr/bin/ld
lt_cv_path_LDCXX='/usr/bin/ld -m elf_x86_64'
lt_cv_path_NM='/usr/bin/nm -B'
lt_cv_path_mainfest_tool=no
lt_cv_prog_compiler_c_o=yes
lt_cv_prog_compiler_c_o_CXX=yes
lt_cv_prog_compiler_pic='-fPIC -DPIC'
lt_cv_prog_compiler_pic_CXX='-fPIC -DPIC'
lt_cv_prog_compiler_pic_works=yes
lt_cv_prog_compiler_pic_works_CXX=yes
lt_cv_prog_compiler_rtti_exceptions=no
lt_cv_prog_compiler_static_works=yes
lt_cv_prog_compiler_static_works_CXX=yes
lt_cv_prog_gnu_ld=yes
lt_cv_prog_gnu_ldcxx=yes
lt_cv_sharedlib_from_linklib_cmd='printf %s\n'
lt_cv_shlibpath_overrides_runpath=no
lt_cv_sys_global_symbol_pipe='sed -n -e '\''s/^.*[	 ]\([ABCDGIRSTW][ABCDGIRSTW]*\)[	 ][	 ]*\([_A-Za-z][_A-Za-z0-9]*\)$/\1 \2 \2/p'\'' | sed '\''/ __gnu_lto/d'\'''
lt_cv_sys_global_symbol_to_c_name_address='sed -n -e '\''s/^: \([^ ]*\)[ ]*$/  {\"\1\", (void *) 0},/p'\'' -e '\''s/^[ABCDGIRSTW]* \([^ ]*\) \([^ ]*\)$/  {"\2", (void *) \&\2},/p'\'''
lt_cv_sys_global_symbol_to_c_name_address_lib_prefix='sed -n -e '\''s/^: \([^ ]*\)[ ]*$/  {\"\1\", (void *) 0},/p'\'' -e '\''s/^[ABCDGIRSTW]* \([^ ]*\) \(lib[^ ]*\)$/  {"\2", (void *) \&\2},/p'\'' -e '\''s/^[ABCDGIRSTW]* \([^ ]*\) \([^ ]*\)$/  {"lib\2", (void *) \&\2},/p'\'''
lt_cv_sys_global_symbol_to_cdecl='sed -n -e '\''s/^T .* \(.*\)$/extern int \1();/p'\'' -e '\''s/^[ABCDGIRSTW]* .* \(.*\)$/extern char \1;/p'\'''
lt_cv_sys_max_cmd_len=98304
lt_cv_to_host_file_cmd=func_convert_file_noop
lt_cv_to_tool_file_cmd=func_convert_file_noop

## ----------------- ##
## Output variables. ##
## ----------------- ##

ACLOCAL='${SHELL} /home/chandras/multiMLton-BoehmGC/multiMLton/trunk/runtime/bdwgc/missing --run aclocal-1.11'
AMDEPBACKSLASH='\'
AMDEP_FALSE='#'
AMDEP_TRUE=''
AMTAR='${SHELL} /home/chandras/multiMLton-BoehmGC/multiMLton/trunk/runtime/bdwgc/missing --run tar'
AR='ar'
ATOMIC_OPS_LIBS=''
AUTOCONF='${SHELL} /home/chandras/multiMLton-BoehmGC/multiMLton/trunk/runtime/bdwgc/missing --run autoconf'
AUTOHEADER='${SHELL} /home/chandras/multiMLton-BoehmGC/multiMLton/trunk/runtime/bdwgc/missing --run autoheader'
AUTOMAKE='${SHELL} /home/chandras/multiMLton-BoehmGC/multiMLton/trunk/runtime/bdwgc/missing --run automake-1.11'
AVOID_CPP_LIB_FALSE=''
AVOID_CPP_LIB_TRUE='#'
AWK='gawk'
CC='gcc'
CCAS='gcc'
CCASDEPMODE='depmode=gcc3'
CCASFLAGS='-g -O2'
CCDEPMODE='depmode=gcc3'
CFLAGS='-g -O2'
COMPILER_XLC_FALSE=''
COMPILER_XLC_TRUE='#'
CPLUSPLUS_FALSE=''
CPLUSPLUS_TRUE='#'
CPP='gcc -E'
CPPFLAGS=''
CXX='g++'
CXXCPP='g++ -E'
CXXDEPMODE='depmode=gcc3'
CXXFLAGS='-g -O2'
CXXINCLUDES=''
CYGPATH_W='echo'
DARWIN_THREADS_FALSE=''
DARWIN_THREADS_TRUE='#'
DEFS='-DHAVE_CONFIG_H'
DEPDIR='.deps'
DLLTOOL='false'
DSYMUTIL=''
DUMPBIN=''
ECHO_C=''
ECHO_N='-n'
ECHO_T=''
EGREP='/bin/grep -E'
ENABLE_GCJ_SUPPORT_FALSE='#'
ENABLE_GCJ_SUPPORT_TRUE=''
EXEEXT=''
EXTRA_TEST_LIBS=''
FGREP='/bin/grep -F'
GC_CFLAGS=' -fexceptions'
GC_VERSION=''
GREP='/bin/grep'
INCLUDES=''
INSTALL_DATA='${INSTALL} -m 644'
INSTALL_PROGRAM='${INSTALL}'
INSTALL_SCRIPT='${INSTALL}'
INSTALL_STRIP_PROGRAM='$(install_sh) -c -s'
KEEP_BACK_PTRS_FALSE=''
KEEP_BACK_PTRS_TRUE='#'
LD='/usr/bin/ld -m elf_x86_64'
LDFLAGS=''
LIBOBJS=''
LIBS=''
LIBTOOL='$(SHELL) $(top_builddir)/libtool'
LIPO=''
LN_S='ln -s'
LTLIBOBJS=''
MAINT='#'
MAINTAINER_MODE_FALSE=''
MAINTAINER_MODE_TRUE='#'
MAKEINFO='${SHELL} /home/chandras/multiMLton-BoehmGC/multiMLton/trunk/runtime/bdwgc/missing --run makeinfo'
MANIFEST_TOOL=':'
MKDIR_P='/bin/mkdir -p'
NEED_ATOMIC_OPS_ASM_FALSE=''
NEED_ATOMIC_OPS_ASM_TRUE='#'
NM='/usr/bin/nm -B'
NMEDIT=''
OBJDUMP='objdump'
OBJEXT='o'
OPENBSD_THREADS_FALSE=''
OPENBSD_THREADS_TRUE='#'
OTOOL64=''
OTOOL=''
PACKAGE='gc'
PACKAGE_BUGREPORT='Hans.Boehm@hp.com'
PACKAGE_NAME='gc'
PACKAGE_STRING='gc 7.2alpha5'
PACKAGE_TARNAME='gc'
PACKAGE_URL=''
PACKAGE_VERSION='7.2alpha5'
PATH_SEPARATOR=':'
PTHREADS_FALSE='#'
PTHREADS_TRUE=''
RANLIB='ranlib'
SED='/bin/sed'
SET_MAKE=''
SHELL='/bin/sh'
STRIP='strip'
THREADDLLIBS='-lpthread -ldl'
THREADS_FALSE='#'
THREADS_TRUE=''
UNWINDLIBS=''
USE_INTERNAL_LIBATOMIC_OPS_FALSE='#'
USE_INTERNAL_LIBATOMIC_OPS_TRUE=''
USE_LIBDIR_FALSE='#'
USE_LIBDIR_TRUE=''
VERSION='7.2alpha5'
WIN32_THREADS_FALSE=''
WIN32_THREADS_TRUE='#'
ac_ct_AR='ar'
ac_ct_CC='gcc'
ac_ct_CXX='g++'
ac_ct_DUMPBIN=''
addlibs=''
addobjs=' mach_dep.lo'
am__EXEEXT_FALSE=''
am__EXEEXT_TRUE='#'
am__fastdepCCAS_FALSE='#'
am__fastdepCCAS_TRUE=''
am__fastdepCC_FALSE='#'
am__fastdepCC_TRUE=''
am__fastdepCXX_FALSE='#'
am__fastdepCXX_TRUE=''
am__include='include'
am__isrc=''
am__leading_dot='.'
am__quote=''
am__tar='${AMTAR} chof - "$$tardir"'
am__untar='${AMTAR} xf -'
bindir='${exec_prefix}/bin'
build='x86_64-unknown-linux-gnu'
build_alias=''
build_cpu='x86_64'
build_os='linux-gnu'
build_vendor='unknown'
datadir='${datarootdir}'
datarootdir='${prefix}/share'
docdir='${datarootdir}/doc/${PACKAGE_TARNAME}'
dvidir='${docdir}'
exec_prefix='${prefix}'
extra_ldflags_libgc=''
host='x86_64-unknown-linux-gnu'
host_alias=''
host_cpu='x86_64'
host_os='linux-gnu'
host_vendor='unknown'
htmldir='${docdir}'
includedir='${prefix}/include'
infodir='${datarootdir}/info'
install_sh='${SHELL} /home/chandras/multiMLton-BoehmGC/multiMLton/trunk/runtime/bdwgc/install-sh'
libdir='${exec_prefix}/lib'
libexecdir='${exec_prefix}/libexec'
localedir='${datarootdir}/locale'
localstatedir='${prefix}/var'
mandir='${datarootdir}/man'
mkdir_p='/bin/mkdir -p'
oldincludedir='/usr/include'
pdfdir='${docdir}'
prefix='/home/chandras/multiMLton-BoehmGC/multiMLton/trunk/runtime/bdwgc/install'
program_transform_name='s,x,x,'
psdir='${docdir}'
sbindir='${exec_prefix}/sbin'
sharedstatedir='${prefix}/com'
subdirs=' libatomic_ops'
sysconfdir='${prefix}/etc'
target='x86_64-unknown-linux-gnu'
target_alias=''
target_all='libgc.la'
target_cpu='x86_64'
target_os='linux-gnu'
target_vendor='unknown'

## ----------- ##
## confdefs.h. ##
## ----------- ##

/* confdefs.h */
#define PACKAGE_NAME "gc"
#define PACKAGE_TARNAME "gc"
#define PACKAGE_VERSION "7.2alpha5"
#define PACKAGE_STRING "gc 7.2alpha5"
#define PACKAGE_BUGREPORT "Hans.Boehm@hp.com"
#define PACKAGE_URL ""
#define GC_VERSION_MAJOR 7
#define GC_VERSION_MINOR 2
#define GC_ALPHA_VERSION 5
#define PACKAGE "gc"
#define VERSION "7.2alpha5"
#define GC_LINUX_THREADS 1
#define _REENTRANT 1
#define THREAD_LOCAL_ALLOC 1
#define STDC_HEADERS 1
#define HAVE_SYS_TYPES_H 1
#define HAVE_SYS_STAT_H 1
#define HAVE_STDLIB_H 1
#define HAVE_STRING_H 1
#define HAVE_MEMORY_H 1
#define HAVE_STRINGS_H 1
#define HAVE_INTTYPES_H 1
#define HAVE_STDINT_H 1
#define HAVE_UNISTD_H 1
#define HAVE_DLFCN_H 1
#define LT_OBJDIR ".libs/"
#define NO_EXECUTE_PERMISSION 1
#define ALL_INTERIOR_POINTERS 1
#define GC_GCJ_SUPPORT 1
#define JAVA_FINALIZATION 1
#define ATOMIC_UNCOLLECTABLE 1

configure: exit 0
